<?xml version="1.0" encoding="UTF-8"?>
<!-- Generated by org.testng.reporters.JUnitReportReporter -->
<testsuite hostname="Chandu" name="com.tabeo.automation.Tests.LoginTestWithGmailOath" tests="1" failures="0" timestamp="1 Sep 2021 19:43:54 GMT" time="30.465" errors="0">
  <testcase name="LoginTestWithGmailAuthentication" time="30.465" classname="com.tabeo.automation.Tests.LoginTestWithGmailOath"/>
</testsuite> <!-- com.tabeo.automation.Tests.LoginTestWithGmailOath -->
