<?xml version="1.0" encoding="UTF-8"?>
<!-- Generated by org.testng.reporters.JUnitReportReporter -->
<testsuite hostname="Chandu" name="com.tabeo.automation.Tests.CreateSuccessfulPaymentTest" tests="1" failures="0" timestamp="2 Sep 2021 09:08:06 GMT" time="32.209" errors="0">
  <testcase name="successfulPaymentTestcase" time="32.209" classname="com.tabeo.automation.Tests.CreateSuccessfulPaymentTest"/>
</testsuite> <!-- com.tabeo.automation.Tests.CreateSuccessfulPaymentTest -->
