<?xml version="1.0" encoding="UTF-8"?>
<!-- Generated by org.testng.reporters.JUnitReportReporter -->
<testsuite hostname="Chandu" name="com.tabeo.automation.Tests.CreateSuccessfulPaymentTest" tests="1" failures="0" timestamp="1 Sep 2021 20:59:03 GMT" time="35.854" errors="0">
  <testcase name="successfulPaymentTestcase" time="35.854" classname="com.tabeo.automation.Tests.CreateSuccessfulPaymentTest"/>
</testsuite> <!-- com.tabeo.automation.Tests.CreateSuccessfulPaymentTest -->
