<?xml version="1.0" encoding="UTF-8"?>
<!-- Generated by org.testng.reporters.JUnitReportReporter -->
<testsuite hostname="Chandu" name="com.tabeo.automation.Tests.LoginTestWithGmailOath" tests="1" failures="0" timestamp="2 Sep 2021 09:08:06 GMT" time="18.266" errors="0">
  <testcase name="LoginTestWithGmailAuthentication" time="18.266" classname="com.tabeo.automation.Tests.LoginTestWithGmailOath"/>
</testsuite> <!-- com.tabeo.automation.Tests.LoginTestWithGmailOath -->
