<?xml version="1.0" encoding="UTF-8"?>
<!-- Generated by org.testng.reporters.JUnitReportReporter -->
<testsuite hostname="Chandu" name="com.tabeo.automation.Tests.UnsuccessfulPaymentTest" tests="1" failures="0" timestamp="1 Sep 2021 21:08:11 GMT" time="31.865" errors="0">
  <testcase name="successfulPaymentTestcase" time="31.865" classname="com.tabeo.automation.Tests.UnsuccessfulPaymentTest"/>
</testsuite> <!-- com.tabeo.automation.Tests.UnsuccessfulPaymentTest -->
